<?xml version="1.0" encoding="UTF-8"?>
<!-- Generated by org.testng.reporters.JUnitXMLReporter -->
<testsuite ignored="0" hostname="ImransDell" failures="1" tests="1" name="firefox" time="0.071" errors="0" timestamp="2023-11-03T12:01:52 IST">
  <testcase classname="com.example.socialmedia.Parallel" name="parallelExecution" time="0.0">
    <failure type="org.testng.TestNGException" message="
Parameter &amp;apos;password&amp;apos; is required by @Test on method parallelExecution but has not been marked @Optional or defined
in D:\Socialmedia\Socialmedia\testng.xml">
      <![CDATA[org.testng.TestNGException: 
Parameter 'password' is required by @Test on method parallelExecution but has not been marked @Optional or defined
in D:\Socialmedia\Socialmedia\testng.xml
at java.base/java.util.ArrayList.forEach(ArrayList.java:1511)
at java.base/java.util.concurrent.FutureTask.run(FutureTask.java:264)
at java.base/java.util.concurrent.ThreadPoolExecutor.runWorker(ThreadPoolExecutor.java:1130)
at java.base/java.util.concurrent.ThreadPoolExecutor$Worker.run(ThreadPoolExecutor.java:630)
at java.base/java.lang.Thread.run(Thread.java:831)
... Removed 17 stack frames]]>
    </failure>
  </testcase> <!-- parallelExecution -->
</testsuite> <!-- firefox -->
